SF:/home/knoldus/Desktop/Test4/src/Service/CharacterService.cs
FN:18,rpgAPI.Model.ServiceResponse`1<System.Collections.Generic.List`1<rpgAPI.Model.Character>> rpgAPI.Service.CharacterService::GetAllCharacter()
FNDA:3,rpgAPI.Model.ServiceResponse`1<System.Collections.Generic.List`1<rpgAPI.Model.Character>> rpgAPI.Service.CharacterService::GetAllCharacter()
DA:19,3
DA:20,3
DA:21,3
DA:22,3
DA:23,3
DA:24,3
DA:25,3
FN:27,rpgAPI.Model.ServiceResponse`1<System.Collections.Generic.List`1<rpgAPI.Model.Character>> rpgAPI.Service.CharacterService::AddCharacter(rpgAPI.Model.Character)
FNDA:1,rpgAPI.Model.ServiceResponse`1<System.Collections.Generic.List`1<rpgAPI.Model.Character>> rpgAPI.Service.CharacterService::AddCharacter(rpgAPI.Model.Character)
DA:28,1
DA:29,1
DA:31,1
DA:32,1
DA:33,1
DA:34,1
DA:35,1
DA:37,1
FN:39,rpgAPI.Model.ServiceResponse`1<rpgAPI.Model.Character> rpgAPI.Service.CharacterService::GetCharacterById(System.Int32)
FNDA:1,rpgAPI.Model.ServiceResponse`1<rpgAPI.Model.Character> rpgAPI.Service.CharacterService::GetCharacterById(System.Int32)
DA:40,1
DA:41,2
DA:43,1
DA:45,1
DA:46,0
DA:47,0
DA:48,0
DA:50,0
DA:53,1
DA:55,1
DA:56,1
BRDA:45,49,0,0
BRDA:45,49,1,1
FN:58,rpgAPI.Model.ServiceResponse`1<System.Collections.Generic.List`1<rpgAPI.Model.Character>> rpgAPI.Service.CharacterService::UpdateCharacter(rpgAPI.Model.Character)
FNDA:2,rpgAPI.Model.ServiceResponse`1<System.Collections.Generic.List`1<rpgAPI.Model.Character>> rpgAPI.Service.CharacterService::UpdateCharacter(rpgAPI.Model.Character)
DA:59,2
DA:60,2
DA:61,7
DA:63,2
DA:64,1
DA:65,1
DA:66,1
DA:68,2
DA:70,2
DA:72,2
DA:73,2
BRDA:63,49,0,1
BRDA:63,49,1,2
FN:76,rpgAPI.Model.ServiceResponse`1<System.Collections.Generic.List`1<rpgAPI.Model.Character>> rpgAPI.Service.CharacterService::DeleteCharacter(System.Int32)
FNDA:2,rpgAPI.Model.ServiceResponse`1<System.Collections.Generic.List`1<rpgAPI.Model.Character>> rpgAPI.Service.CharacterService::DeleteCharacter(System.Int32)
DA:77,2
DA:79,2
DA:81,9
DA:83,2
DA:84,1
DA:85,1
DA:86,1
DA:87,1
DA:88,1
DA:89,1
DA:91,1
DA:92,1
DA:93,1
DA:94,1
DA:96,2
DA:97,2
BRDA:83,49,0,1
BRDA:83,49,1,1
FN:10,System.Void rpgAPI.Service.CharacterService::.cctor()
FNDA:1,System.Void rpgAPI.Service.CharacterService::.cctor()
DA:11,1
DA:12,1
DA:13,1
DA:14,1
DA:15,1
LF:58
LH:54
BRF:6
BRH:5
FNF:6
FNH:6
end_of_record
SF:/home/knoldus/Desktop/Test4/src/Controller/CharacterController.cs
FN:22,Microsoft.AspNetCore.Mvc.ActionResult`1<rpgAPI.Model.ServiceResponse`1<System.Collections.Generic.List`1<rpgAPI.Model.Character>>> rpgAPI.Controller.CharacterController::GetCharacter()
FNDA:1,Microsoft.AspNetCore.Mvc.ActionResult`1<rpgAPI.Model.ServiceResponse`1<System.Collections.Generic.List`1<rpgAPI.Model.Character>>> rpgAPI.Controller.CharacterController::GetCharacter()
DA:23,1
DA:24,1
DA:25,1
FN:29,Microsoft.AspNetCore.Mvc.ActionResult`1<rpgAPI.Model.ServiceResponse`1<rpgAPI.Model.Character>> rpgAPI.Controller.CharacterController::GetId(System.Int32)
FNDA:1,Microsoft.AspNetCore.Mvc.ActionResult`1<rpgAPI.Model.ServiceResponse`1<rpgAPI.Model.Character>> rpgAPI.Controller.CharacterController::GetId(System.Int32)
DA:30,1
DA:31,1
DA:32,1
FN:35,Microsoft.AspNetCore.Mvc.ActionResult`1<rpgAPI.Model.ServiceResponse`1<System.Collections.Generic.List`1<rpgAPI.Model.Character>>> rpgAPI.Controller.CharacterController::PostCharacter(rpgAPI.Model.Character)
FNDA:1,Microsoft.AspNetCore.Mvc.ActionResult`1<rpgAPI.Model.ServiceResponse`1<System.Collections.Generic.List`1<rpgAPI.Model.Character>>> rpgAPI.Controller.CharacterController::PostCharacter(rpgAPI.Model.Character)
DA:36,1
DA:37,1
DA:38,1
FN:41,Microsoft.AspNetCore.Mvc.ActionResult`1<rpgAPI.Model.ServiceResponse`1<System.Collections.Generic.List`1<rpgAPI.Model.Character>>> rpgAPI.Controller.CharacterController::UpdateCharacter(rpgAPI.Model.Character)
FNDA:1,Microsoft.AspNetCore.Mvc.ActionResult`1<rpgAPI.Model.ServiceResponse`1<System.Collections.Generic.List`1<rpgAPI.Model.Character>>> rpgAPI.Controller.CharacterController::UpdateCharacter(rpgAPI.Model.Character)
DA:42,1
DA:43,1
DA:44,1
FN:47,Microsoft.AspNetCore.Mvc.ActionResult`1<rpgAPI.Model.ServiceResponse`1<System.Collections.Generic.List`1<rpgAPI.Model.Character>>> rpgAPI.Controller.CharacterController::DeleteCharacter(System.Int32)
FNDA:1,Microsoft.AspNetCore.Mvc.ActionResult`1<rpgAPI.Model.ServiceResponse`1<System.Collections.Generic.List`1<rpgAPI.Model.Character>>> rpgAPI.Controller.CharacterController::DeleteCharacter(System.Int32)
DA:48,1
DA:49,1
DA:50,1
FN:15,System.Void rpgAPI.Controller.CharacterController::.ctor(rpgAPI.Service.ICharacterService)
FNDA:5,System.Void rpgAPI.Controller.CharacterController::.ctor(rpgAPI.Service.ICharacterService)
DA:16,5
DA:17,5
DA:18,5
DA:19,5
LF:19
LH:19
BRF:0
BRH:0
FNF:6
FNH:6
end_of_record